w:\codes\opengl\opengl1\opengl\debug\vc142.pdb
w:\codes\opengl\opengl1\opengl\debug\vc142.idb
w:\codes\opengl\opengl1\opengl\debug\glad.obj
w:\codes\opengl\opengl1\opengl\debug\application.obj
w:\codes\opengl\opengl1\opengl\debug\camera.obj
w:\codes\opengl\opengl1\debug\opengl.pdb
w:\codes\opengl\opengl1\opengl\debug\opengl.tlog\cl.command.1.tlog
w:\codes\opengl\opengl1\opengl\debug\opengl.tlog\cl.read.1.tlog
w:\codes\opengl\opengl1\opengl\debug\opengl.tlog\cl.write.1.tlog
w:\codes\opengl\opengl1\opengl\debug\opengl.tlog\link-cvtres.read.1.tlog
w:\codes\opengl\opengl1\opengl\debug\opengl.tlog\link-cvtres.write.1.tlog
w:\codes\opengl\opengl1\opengl\debug\opengl.tlog\link-rc.read.1.tlog
w:\codes\opengl\opengl1\opengl\debug\opengl.tlog\link-rc.write.1.tlog
w:\codes\opengl\opengl1\opengl\debug\opengl.tlog\link.2508-cvtres.read.1.tlog
w:\codes\opengl\opengl1\opengl\debug\opengl.tlog\link.2508-cvtres.write.1.tlog
w:\codes\opengl\opengl1\opengl\debug\opengl.tlog\link.2508-rc.read.1.tlog
w:\codes\opengl\opengl1\opengl\debug\opengl.tlog\link.2508-rc.write.1.tlog
w:\codes\opengl\opengl1\opengl\debug\opengl.tlog\link.2508.read.1.tlog
w:\codes\opengl\opengl1\opengl\debug\opengl.tlog\link.2508.write.1.tlog
w:\codes\opengl\opengl1\opengl\debug\opengl.tlog\link.command.1.tlog
w:\codes\opengl\opengl1\opengl\debug\opengl.tlog\link.read.1.tlog
w:\codes\opengl\opengl1\opengl\debug\opengl.tlog\link.write.1.tlog
